<?xml version="1.0" encoding="UTF-8"?>
<!-- Generated by org.testng.reporters.JUnitReportReporter -->
<testsuite hostname="DESKTOP-SN3NGQ0" failures="0" tests="3" name="guru99_Project.paymentGatewayProject" time="57.172" errors="0" timestamp="2024-10-24T11:11:17 IST" skipped="0">
  <testcase classname="guru99_Project.paymentGatewayProject" name="cart" time="23.254"/>
  <testcase classname="guru99_Project.paymentGatewayProject" name="GenerateCardNumber" time="16.705"/>
  <testcase classname="guru99_Project.paymentGatewayProject" name="CheckCreditCardLimit" time="17.213"/>
</testsuite> <!-- guru99_Project.paymentGatewayProject -->
